  [1m[35m (1.9ms)[0m  [1m[34mSELECT sqlite_version(*)[0m
  ↳ bin/rails:9
  [1m[35m (1.6ms)[0m  [1m[35mCREATE TABLE "schema_migrations" ("version" varchar NOT NULL PRIMARY KEY)[0m
  ↳ bin/rails:9
  [1m[35m (2.1ms)[0m  [1m[35mCREATE TABLE "ar_internal_metadata" ("key" varchar NOT NULL PRIMARY KEY, "value" varchar, "created_at" datetime NOT NULL, "updated_at" datetime NOT NULL)[0m
  ↳ bin/rails:9
  [1m[36mActiveRecord::InternalMetadata Load (0.2ms)[0m  [1m[34mSELECT  "ar_internal_metadata".* FROM "ar_internal_metadata" WHERE "ar_internal_metadata"."key" = ? LIMIT ?[0m  [["key", "environment"], ["LIMIT", 1]]
  ↳ bin/rails:9
  [1m[35m (0.1ms)[0m  [1m[36mbegin transaction[0m
  ↳ bin/rails:9
  [1m[36mActiveRecord::InternalMetadata Create (0.4ms)[0m  [1m[32mINSERT INTO "ar_internal_metadata" ("key", "value", "created_at", "updated_at") VALUES (?, ?, ?, ?)[0m  [["key", "environment"], ["value", "development"], ["created_at", "2019-03-25 15:52:58.857811"], ["updated_at", "2019-03-25 15:52:58.857811"]]
  ↳ bin/rails:9
  [1m[35m (0.8ms)[0m  [1m[36mcommit transaction[0m
  ↳ bin/rails:9
  [1m[35m (0.1ms)[0m  [1m[34mSELECT "schema_migrations"."version" FROM "schema_migrations" ORDER BY "schema_migrations"."version" ASC[0m
  ↳ bin/rails:9
  [1m[35m (0.4ms)[0m  [1m[34mSELECT "schema_migrations"."version" FROM "schema_migrations" ORDER BY "schema_migrations"."version" ASC[0m
  ↳ /Users/robertgu/.rbenv/versions/2.5.1/bin/rake:23
Migrating to CreateReports (20190326190418)
  [1m[35m (0.1ms)[0m  [1m[36mbegin transaction[0m
  ↳ /Users/robertgu/.rbenv/versions/2.5.1/bin/rake:23
  [1m[35m (0.3ms)[0m  [1m[34mSELECT sqlite_version(*)[0m
  ↳ db/migrate/20190326190418_create_reports.rb:3
  [1m[35m (0.4ms)[0m  [1m[35mCREATE TABLE "reports" ("id" integer PRIMARY KEY AUTOINCREMENT NOT NULL, "created_at" datetime NOT NULL, "updated_at" datetime NOT NULL)[0m
  ↳ db/migrate/20190326190418_create_reports.rb:3
  [1m[36mActiveRecord::SchemaMigration Create (0.6ms)[0m  [1m[32mINSERT INTO "schema_migrations" ("version") VALUES (?)[0m  [["version", "20190326190418"]]
  ↳ /Users/robertgu/.rbenv/versions/2.5.1/bin/rake:23
  [1m[35m (1.7ms)[0m  [1m[36mcommit transaction[0m
  ↳ /Users/robertgu/.rbenv/versions/2.5.1/bin/rake:23
Migrating to CreateItems (20190326190827)
  [1m[35m (0.0ms)[0m  [1m[36mbegin transaction[0m
  ↳ /Users/robertgu/.rbenv/versions/2.5.1/bin/rake:23
  [1m[35m (0.3ms)[0m  [1m[35mCREATE TABLE "items" ("id" integer PRIMARY KEY AUTOINCREMENT NOT NULL, "name" varchar, "descrption" varchar, "price" decimal, "customer_name" varchar, "merchant_name" varchar, "merchant_address" varchar, "created_at" datetime NOT NULL, "updated_at" datetime NOT NULL, "report_id" integer)[0m
  ↳ db/migrate/20190326190827_create_items.rb:3
  [1m[35m (0.1ms)[0m  [1m[35mCREATE  INDEX "index_items_on_report_id" ON "items" ("report_id")[0m
  ↳ db/migrate/20190326190827_create_items.rb:3
  [1m[36mActiveRecord::SchemaMigration Create (0.1ms)[0m  [1m[32mINSERT INTO "schema_migrations" ("version") VALUES (?)[0m  [["version", "20190326190827"]]
  ↳ /Users/robertgu/.rbenv/versions/2.5.1/bin/rake:23
  [1m[35m (1.2ms)[0m  [1m[36mcommit transaction[0m
  ↳ /Users/robertgu/.rbenv/versions/2.5.1/bin/rake:23
  [1m[36mActiveRecord::InternalMetadata Load (0.5ms)[0m  [1m[34mSELECT  "ar_internal_metadata".* FROM "ar_internal_metadata" WHERE "ar_internal_metadata"."key" = ? LIMIT ?[0m  [["key", "environment"], ["LIMIT", 1]]
  ↳ /Users/robertgu/.rbenv/versions/2.5.1/bin/rake:23
  [1m[35m (0.1ms)[0m  [1m[36mbegin transaction[0m
  ↳ /Users/robertgu/.rbenv/versions/2.5.1/bin/rake:23
  [1m[35m (0.0ms)[0m  [1m[36mcommit transaction[0m
  ↳ /Users/robertgu/.rbenv/versions/2.5.1/bin/rake:23
  [1m[35m (0.1ms)[0m  [1m[34mSELECT "schema_migrations"."version" FROM "schema_migrations" ORDER BY "schema_migrations"."version" ASC[0m
  ↳ /Users/robertgu/.rbenv/versions/2.5.1/bin/rake:23
  [1m[35m (0.1ms)[0m  [1m[34mSELECT "schema_migrations"."version" FROM "schema_migrations" ORDER BY "schema_migrations"."version" ASC[0m
  ↳ /Users/robertgu/.rbenv/versions/2.5.1/bin/rake:23
  [1m[35m (0.1ms)[0m  [1m[34mSELECT "schema_migrations"."version" FROM "schema_migrations" ORDER BY "schema_migrations"."version" ASC[0m
  ↳ /Users/robertgu/.rbenv/versions/2.5.1/bin/rake:23
  [1m[35m (0.0ms)[0m  [1m[34mSELECT "schema_migrations"."version" FROM "schema_migrations" ORDER BY "schema_migrations"."version" ASC[0m
  ↳ /Users/robertgu/.rbenv/versions/2.5.1/bin/rake:23
  [1m[35m (0.5ms)[0m  [1m[34mSELECT "schema_migrations"."version" FROM "schema_migrations" ORDER BY "schema_migrations"."version" ASC[0m
  ↳ /Users/robertgu/.rbenv/versions/2.5.1/bin/rake:23
Migrating to CreateItems (20190326190827)
  [1m[35m (0.1ms)[0m  [1m[36mbegin transaction[0m
  ↳ /Users/robertgu/.rbenv/versions/2.5.1/bin/rake:23
  [1m[35m (2.6ms)[0m  [1m[35mDROP TABLE "items"[0m
  ↳ /Users/robertgu/.rbenv/versions/2.5.1/bin/rake:23
  [1m[36mActiveRecord::SchemaMigration Destroy (0.2ms)[0m  [1m[31mDELETE FROM "schema_migrations" WHERE "schema_migrations"."version" = ?[0m  [["version", "20190326190827"]]
  ↳ /Users/robertgu/.rbenv/versions/2.5.1/bin/rake:23
  [1m[35m (1.4ms)[0m  [1m[36mcommit transaction[0m
  ↳ /Users/robertgu/.rbenv/versions/2.5.1/bin/rake:23
  [1m[35m (0.1ms)[0m  [1m[34mSELECT "schema_migrations"."version" FROM "schema_migrations" ORDER BY "schema_migrations"."version" ASC[0m
  ↳ /Users/robertgu/.rbenv/versions/2.5.1/bin/rake:23
  [1m[35m (0.1ms)[0m  [1m[34mSELECT "schema_migrations"."version" FROM "schema_migrations" ORDER BY "schema_migrations"."version" ASC[0m
  ↳ /Users/robertgu/.rbenv/versions/2.5.1/bin/rake:23
  [1m[35m (0.0ms)[0m  [1m[34mSELECT "schema_migrations"."version" FROM "schema_migrations" ORDER BY "schema_migrations"."version" ASC[0m
  ↳ /Users/robertgu/.rbenv/versions/2.5.1/bin/rake:23
  [1m[35m (0.0ms)[0m  [1m[34mSELECT "schema_migrations"."version" FROM "schema_migrations" ORDER BY "schema_migrations"."version" ASC[0m
  ↳ /Users/robertgu/.rbenv/versions/2.5.1/bin/rake:23
  [1m[35m (0.0ms)[0m  [1m[34mSELECT "schema_migrations"."version" FROM "schema_migrations" ORDER BY "schema_migrations"."version" ASC[0m
  ↳ /Users/robertgu/.rbenv/versions/2.5.1/bin/rake:23
Migrating to CreateReports (20190326190418)
  [1m[35m (0.1ms)[0m  [1m[36mbegin transaction[0m
  ↳ /Users/robertgu/.rbenv/versions/2.5.1/bin/rake:23
  [1m[35m (1.0ms)[0m  [1m[35mDROP TABLE "reports"[0m
  ↳ /Users/robertgu/.rbenv/versions/2.5.1/bin/rake:23
  [1m[36mActiveRecord::SchemaMigration Destroy (0.2ms)[0m  [1m[31mDELETE FROM "schema_migrations" WHERE "schema_migrations"."version" = ?[0m  [["version", "20190326190418"]]
  ↳ /Users/robertgu/.rbenv/versions/2.5.1/bin/rake:23
  [1m[35m (1.4ms)[0m  [1m[36mcommit transaction[0m
  ↳ /Users/robertgu/.rbenv/versions/2.5.1/bin/rake:23
  [1m[35m (0.1ms)[0m  [1m[34mSELECT "schema_migrations"."version" FROM "schema_migrations" ORDER BY "schema_migrations"."version" ASC[0m
  ↳ /Users/robertgu/.rbenv/versions/2.5.1/bin/rake:23
  [1m[35m (0.1ms)[0m  [1m[34mSELECT "schema_migrations"."version" FROM "schema_migrations" ORDER BY "schema_migrations"."version" ASC[0m
  ↳ /Users/robertgu/.rbenv/versions/2.5.1/bin/rake:23
Migrating to CreateReports (20190326190418)
  [1m[35m (0.0ms)[0m  [1m[36mbegin transaction[0m
  ↳ /Users/robertgu/.rbenv/versions/2.5.1/bin/rake:23
  [1m[35m (0.4ms)[0m  [1m[34mSELECT sqlite_version(*)[0m
  ↳ db/migrate/20190326190418_create_reports.rb:3
  [1m[35m (0.3ms)[0m  [1m[35mCREATE TABLE "reports" ("id" integer PRIMARY KEY AUTOINCREMENT NOT NULL, "created_at" datetime NOT NULL, "updated_at" datetime NOT NULL)[0m
  ↳ db/migrate/20190326190418_create_reports.rb:3
  [1m[36mActiveRecord::SchemaMigration Create (0.1ms)[0m  [1m[32mINSERT INTO "schema_migrations" ("version") VALUES (?)[0m  [["version", "20190326190418"]]
  ↳ /Users/robertgu/.rbenv/versions/2.5.1/bin/rake:23
  [1m[35m (2.2ms)[0m  [1m[36mcommit transaction[0m
  ↳ /Users/robertgu/.rbenv/versions/2.5.1/bin/rake:23
Migrating to CreateItems (20190326190827)
  [1m[35m (0.0ms)[0m  [1m[36mbegin transaction[0m
  ↳ /Users/robertgu/.rbenv/versions/2.5.1/bin/rake:23
  [1m[35m (0.3ms)[0m  [1m[35mCREATE TABLE "items" ("id" integer PRIMARY KEY AUTOINCREMENT NOT NULL, "name" varchar, "description" varchar, "price" decimal, "customer_name" varchar, "merchant_name" varchar, "merchant_address" varchar, "created_at" datetime NOT NULL, "updated_at" datetime NOT NULL, "report_id" integer)[0m
  ↳ db/migrate/20190326190827_create_items.rb:3
  [1m[35m (0.1ms)[0m  [1m[35mCREATE  INDEX "index_items_on_report_id" ON "items" ("report_id")[0m
  ↳ db/migrate/20190326190827_create_items.rb:3
  [1m[36mActiveRecord::SchemaMigration Create (0.1ms)[0m  [1m[32mINSERT INTO "schema_migrations" ("version") VALUES (?)[0m  [["version", "20190326190827"]]
  ↳ /Users/robertgu/.rbenv/versions/2.5.1/bin/rake:23
  [1m[35m (0.9ms)[0m  [1m[36mcommit transaction[0m
  ↳ /Users/robertgu/.rbenv/versions/2.5.1/bin/rake:23
  [1m[36mActiveRecord::InternalMetadata Load (0.9ms)[0m  [1m[34mSELECT  "ar_internal_metadata".* FROM "ar_internal_metadata" WHERE "ar_internal_metadata"."key" = ? LIMIT ?[0m  [["key", "environment"], ["LIMIT", 1]]
  ↳ /Users/robertgu/.rbenv/versions/2.5.1/bin/rake:23
  [1m[35m (0.0ms)[0m  [1m[36mbegin transaction[0m
  ↳ /Users/robertgu/.rbenv/versions/2.5.1/bin/rake:23
  [1m[35m (0.0ms)[0m  [1m[36mcommit transaction[0m
  ↳ /Users/robertgu/.rbenv/versions/2.5.1/bin/rake:23
  [1m[35m (0.1ms)[0m  [1m[34mSELECT "schema_migrations"."version" FROM "schema_migrations" ORDER BY "schema_migrations"."version" ASC[0m
  ↳ /Users/robertgu/.rbenv/versions/2.5.1/bin/rake:23
  [1m[35m (0.3ms)[0m  [1m[34mSELECT "schema_migrations"."version" FROM "schema_migrations" ORDER BY "schema_migrations"."version" ASC[0m
  ↳ /Users/robertgu/.rbenv/versions/2.5.1/bin/rake:23
  [1m[35m (0.1ms)[0m  [1m[34mSELECT "schema_migrations"."version" FROM "schema_migrations" ORDER BY "schema_migrations"."version" ASC[0m
  ↳ /Users/robertgu/.rbenv/versions/2.5.1/bin/rake:23
  [1m[35m (0.0ms)[0m  [1m[34mSELECT "schema_migrations"."version" FROM "schema_migrations" ORDER BY "schema_migrations"."version" ASC[0m
  ↳ /Users/robertgu/.rbenv/versions/2.5.1/bin/rake:23
  [1m[35m (0.0ms)[0m  [1m[34mSELECT "schema_migrations"."version" FROM "schema_migrations" ORDER BY "schema_migrations"."version" ASC[0m
  ↳ /Users/robertgu/.rbenv/versions/2.5.1/bin/rake:23
Migrating to CreateItems (20190326190827)
  [1m[35m (0.5ms)[0m  [1m[36mbegin transaction[0m
  ↳ /Users/robertgu/.rbenv/versions/2.5.1/bin/rake:23
  [1m[35m (0.6ms)[0m  [1m[35mDROP TABLE "items"[0m
  ↳ /Users/robertgu/.rbenv/versions/2.5.1/bin/rake:23
  [1m[36mActiveRecord::SchemaMigration Destroy (0.2ms)[0m  [1m[31mDELETE FROM "schema_migrations" WHERE "schema_migrations"."version" = ?[0m  [["version", "20190326190827"]]
  ↳ /Users/robertgu/.rbenv/versions/2.5.1/bin/rake:23
  [1m[35m (2.1ms)[0m  [1m[36mcommit transaction[0m
  ↳ /Users/robertgu/.rbenv/versions/2.5.1/bin/rake:23
  [1m[35m (0.1ms)[0m  [1m[34mSELECT "schema_migrations"."version" FROM "schema_migrations" ORDER BY "schema_migrations"."version" ASC[0m
  ↳ /Users/robertgu/.rbenv/versions/2.5.1/bin/rake:23
  [1m[35m (0.2ms)[0m  [1m[34mSELECT "schema_migrations"."version" FROM "schema_migrations" ORDER BY "schema_migrations"."version" ASC[0m
  ↳ /Users/robertgu/.rbenv/versions/2.5.1/bin/rake:23
  [1m[35m (0.0ms)[0m  [1m[34mSELECT "schema_migrations"."version" FROM "schema_migrations" ORDER BY "schema_migrations"."version" ASC[0m
  ↳ /Users/robertgu/.rbenv/versions/2.5.1/bin/rake:23
  [1m[35m (0.1ms)[0m  [1m[34mSELECT "schema_migrations"."version" FROM "schema_migrations" ORDER BY "schema_migrations"."version" ASC[0m
  ↳ /Users/robertgu/.rbenv/versions/2.5.1/bin/rake:23
  [1m[35m (0.0ms)[0m  [1m[34mSELECT "schema_migrations"."version" FROM "schema_migrations" ORDER BY "schema_migrations"."version" ASC[0m
  ↳ /Users/robertgu/.rbenv/versions/2.5.1/bin/rake:23
Migrating to CreateReports (20190326190418)
  [1m[35m (0.0ms)[0m  [1m[36mbegin transaction[0m
  ↳ /Users/robertgu/.rbenv/versions/2.5.1/bin/rake:23
  [1m[35m (0.5ms)[0m  [1m[35mDROP TABLE "reports"[0m
  ↳ /Users/robertgu/.rbenv/versions/2.5.1/bin/rake:23
  [1m[36mActiveRecord::SchemaMigration Destroy (0.2ms)[0m  [1m[31mDELETE FROM "schema_migrations" WHERE "schema_migrations"."version" = ?[0m  [["version", "20190326190418"]]
  ↳ /Users/robertgu/.rbenv/versions/2.5.1/bin/rake:23
  [1m[35m (2.4ms)[0m  [1m[36mcommit transaction[0m
  ↳ /Users/robertgu/.rbenv/versions/2.5.1/bin/rake:23
  [1m[35m (0.1ms)[0m  [1m[34mSELECT "schema_migrations"."version" FROM "schema_migrations" ORDER BY "schema_migrations"."version" ASC[0m
  ↳ /Users/robertgu/.rbenv/versions/2.5.1/bin/rake:23
  [1m[35m (0.1ms)[0m  [1m[34mSELECT "schema_migrations"."version" FROM "schema_migrations" ORDER BY "schema_migrations"."version" ASC[0m
  ↳ /Users/robertgu/.rbenv/versions/2.5.1/bin/rake:23
Migrating to CreateReports (20190326190418)
  [1m[35m (0.1ms)[0m  [1m[36mbegin transaction[0m
  ↳ /Users/robertgu/.rbenv/versions/2.5.1/bin/rake:23
  [1m[35m (0.5ms)[0m  [1m[34mSELECT sqlite_version(*)[0m
  ↳ db/migrate/20190326190418_create_reports.rb:3
  [1m[35m (0.3ms)[0m  [1m[35mCREATE TABLE "reports" ("id" integer PRIMARY KEY AUTOINCREMENT NOT NULL, "created_at" datetime NOT NULL, "updated_at" datetime NOT NULL)[0m
  ↳ db/migrate/20190326190418_create_reports.rb:3
  [1m[36mActiveRecord::SchemaMigration Create (0.7ms)[0m  [1m[32mINSERT INTO "schema_migrations" ("version") VALUES (?)[0m  [["version", "20190326190418"]]
  ↳ /Users/robertgu/.rbenv/versions/2.5.1/bin/rake:23
  [1m[35m (2.6ms)[0m  [1m[36mcommit transaction[0m
  ↳ /Users/robertgu/.rbenv/versions/2.5.1/bin/rake:23
Migrating to CreateItems (20190326190827)
  [1m[35m (0.1ms)[0m  [1m[36mbegin transaction[0m
  ↳ /Users/robertgu/.rbenv/versions/2.5.1/bin/rake:23
  [1m[35m (0.4ms)[0m  [1m[35mCREATE TABLE "items" ("id" integer PRIMARY KEY AUTOINCREMENT NOT NULL, "name" varchar, "description" varchar, "price" decimal, "customer_name" varchar, "merchant_name" varchar, "merchant_address" varchar, "status" varchar DEFAULT 'unsold', "created_at" datetime NOT NULL, "updated_at" datetime NOT NULL, "report_id" integer)[0m
  ↳ db/migrate/20190326190827_create_items.rb:3
  [1m[35m (0.1ms)[0m  [1m[35mCREATE  INDEX "index_items_on_report_id" ON "items" ("report_id")[0m
  ↳ db/migrate/20190326190827_create_items.rb:3
  [1m[36mActiveRecord::SchemaMigration Create (0.2ms)[0m  [1m[32mINSERT INTO "schema_migrations" ("version") VALUES (?)[0m  [["version", "20190326190827"]]
  ↳ /Users/robertgu/.rbenv/versions/2.5.1/bin/rake:23
  [1m[35m (1.4ms)[0m  [1m[36mcommit transaction[0m
  ↳ /Users/robertgu/.rbenv/versions/2.5.1/bin/rake:23
  [1m[36mActiveRecord::InternalMetadata Load (0.1ms)[0m  [1m[34mSELECT  "ar_internal_metadata".* FROM "ar_internal_metadata" WHERE "ar_internal_metadata"."key" = ? LIMIT ?[0m  [["key", "environment"], ["LIMIT", 1]]
  ↳ /Users/robertgu/.rbenv/versions/2.5.1/bin/rake:23
  [1m[35m (0.0ms)[0m  [1m[36mbegin transaction[0m
  ↳ /Users/robertgu/.rbenv/versions/2.5.1/bin/rake:23
  [1m[35m (0.0ms)[0m  [1m[36mcommit transaction[0m
  ↳ /Users/robertgu/.rbenv/versions/2.5.1/bin/rake:23
  [1m[35m (0.1ms)[0m  [1m[34mSELECT "schema_migrations"."version" FROM "schema_migrations" ORDER BY "schema_migrations"."version" ASC[0m
  ↳ /Users/robertgu/.rbenv/versions/2.5.1/bin/rake:23
  [1m[35m (0.5ms)[0m  [1m[34mSELECT "schema_migrations"."version" FROM "schema_migrations" ORDER BY "schema_migrations"."version" ASC[0m
  ↳ /Users/robertgu/.rbenv/versions/2.5.1/bin/rake:23
  [1m[36mActiveRecord::InternalMetadata Load (0.9ms)[0m  [1m[34mSELECT  "ar_internal_metadata".* FROM "ar_internal_metadata" WHERE "ar_internal_metadata"."key" = ? LIMIT ?[0m  [["key", "environment"], ["LIMIT", 1]]
  ↳ /Users/robertgu/.rbenv/versions/2.5.1/bin/rake:23
  [1m[35m (0.1ms)[0m  [1m[36mbegin transaction[0m
  ↳ /Users/robertgu/.rbenv/versions/2.5.1/bin/rake:23
  [1m[35m (0.1ms)[0m  [1m[36mcommit transaction[0m
  ↳ /Users/robertgu/.rbenv/versions/2.5.1/bin/rake:23
  [1m[35m (0.1ms)[0m  [1m[34mSELECT "schema_migrations"."version" FROM "schema_migrations" ORDER BY "schema_migrations"."version" ASC[0m
  ↳ /Users/robertgu/.rbenv/versions/2.5.1/bin/rake:23
Started GET "/" for ::1 at 2019-03-26 15:51:52 -0400
  [1m[35m (0.2ms)[0m  [1m[34mSELECT "schema_migrations"."version" FROM "schema_migrations" ORDER BY "schema_migrations"."version" ASC[0m
  ↳ /Users/robertgu/.rbenv/versions/2.5.1/lib/ruby/gems/2.5.0/gems/activerecord-5.2.2.1/lib/active_record/log_subscriber.rb:98
Processing by Rails::WelcomeController#index as HTML
  Rendering /Users/robertgu/.rbenv/versions/2.5.1/lib/ruby/gems/2.5.0/gems/railties-5.2.2.1/lib/rails/templates/rails/welcome/index.html.erb
  Rendered /Users/robertgu/.rbenv/versions/2.5.1/lib/ruby/gems/2.5.0/gems/railties-5.2.2.1/lib/rails/templates/rails/welcome/index.html.erb (11.1ms)
Completed 200 OK in 40ms (Views: 23.7ms | ActiveRecord: 0.0ms)


Started GET "/" for ::1 at 2019-03-26 15:51:55 -0400
Processing by Rails::WelcomeController#index as HTML
  Rendering /Users/robertgu/.rbenv/versions/2.5.1/lib/ruby/gems/2.5.0/gems/railties-5.2.2.1/lib/rails/templates/rails/welcome/index.html.erb
  Rendered /Users/robertgu/.rbenv/versions/2.5.1/lib/ruby/gems/2.5.0/gems/railties-5.2.2.1/lib/rails/templates/rails/welcome/index.html.erb (2.3ms)
Completed 200 OK in 10ms (Views: 5.9ms | ActiveRecord: 0.0ms)


Started GET "/" for ::1 at 2019-03-26 15:52:18 -0400
  
NameError (undefined local variable or method `reports_path' for #<ActionDispatch::Routing::Mapper:0x00007f85010263f8>):
  
config/routes.rb:2:in `block in <main>'
config/routes.rb:1:in `<main>'
Started GET "/" for ::1 at 2019-03-26 15:52:33 -0400
  
NameError (undefined local variable or method `reports_path' for #<ActionDispatch::Routing::Mapper:0x00007f84fe1a2428>):
  
config/routes.rb:3:in `block in <main>'
config/routes.rb:1:in `<main>'
Started GET "/" for ::1 at 2019-03-26 15:53:04 -0400
Processing by ReportsController#new as HTML
  Rendering reports/new.html.erb within layouts/application
  Rendered reports/new.html.erb within layouts/application (1.1ms)
Completed 200 OK in 247ms (Views: 245.0ms | ActiveRecord: 0.0ms)


Started POST "/reports" for ::1 at 2019-03-26 15:54:40 -0400
Processing by ReportsController#create as HTML
  Parameters: {"utf8"=>"✓", "authenticity_token"=>"EERr2EjS386oxYfD0VmtprGZhf7YONfCRAXMak1B98NsrzbqlqwmQoXxZa6yiJPAERLC41/332fAg2wsOEXtKg==", "csv_batch_file"=>#<ActionDispatch::Http::UploadedFile:0x00007f85029d7798 @tempfile=#<Tempfile:/var/folders/n9/90fmkll92052q805_jwxtztr0000gn/T/RackMultipart20190326-12865-whg4zd.csv>, @original_filename="salesdata.csv", @content_type="text/csv", @headers="Content-Disposition: form-data; name=\"csv_batch_file\"; filename=\"salesdata.csv\"\r\nContent-Type: text/csv\r\n">, "button"=>""}
  [1m[35m (0.1ms)[0m  [1m[36mbegin transaction[0m
  ↳ app/controllers/reports_controller.rb:14
  [1m[36mReport Create (1.5ms)[0m  [1m[32mINSERT INTO "reports" ("created_at", "updated_at") VALUES (?, ?)[0m  [["created_at", "2019-03-26 19:54:40.512924"], ["updated_at", "2019-03-26 19:54:40.512924"]]
  ↳ app/controllers/reports_controller.rb:14
  [1m[35m (1.1ms)[0m  [1m[36mcommit transaction[0m
  ↳ app/controllers/reports_controller.rb:14
Completed 500 Internal Server Error in 18ms (ActiveRecord: 3.3ms)


  
NameError (uninitialized constant ReportsController::CSV):
  
app/controllers/reports_controller.rb:16:in `create'
Started GET "/reports" for ::1 at 2019-03-26 15:55:12 -0400
Processing by ReportsController#index as HTML
  Rendering reports/index.html.erb within layouts/application
  [1m[36mReport Load (0.2ms)[0m  [1m[34mSELECT "reports".* FROM "reports"[0m
  ↳ app/views/reports/index.html.erb:1
  Rendered reports/index.html.erb within layouts/application (5.5ms)
Completed 200 OK in 35ms (Views: 30.5ms | ActiveRecord: 0.6ms)


Started GET "/reports/1" for ::1 at 2019-03-26 15:55:14 -0400
Processing by ReportsController#show as HTML
  Parameters: {"id"=>"1"}
  [1m[36mReport Load (0.2ms)[0m  [1m[34mSELECT  "reports".* FROM "reports" WHERE "reports"."id" = ? LIMIT ?[0m  [["id", 1], ["LIMIT", 1]]
  ↳ app/controllers/reports_controller.rb:9
  Rendering reports/show.html.erb within layouts/application
  [1m[35m (0.5ms)[0m  [1m[34mSELECT SUM("items"."price") FROM "items" WHERE "items"."report_id" = ?[0m  [["report_id", 1]]
  ↳ app/models/report.rb:5
  Rendered reports/show.html.erb within layouts/application (36.4ms)
Completed 200 OK in 58ms (Views: 49.6ms | ActiveRecord: 1.1ms)


Started GET "/reports/1" for ::1 at 2019-03-26 15:55:17 -0400
Processing by ReportsController#show as HTML
  Parameters: {"id"=>"1"}
  [1m[36mReport Load (0.2ms)[0m  [1m[34mSELECT  "reports".* FROM "reports" WHERE "reports"."id" = ? LIMIT ?[0m  [["id", 1], ["LIMIT", 1]]
  ↳ app/controllers/reports_controller.rb:9
  Rendering reports/show.html.erb within layouts/application
  [1m[35m (0.2ms)[0m  [1m[34mSELECT SUM("items"."price") FROM "items" WHERE "items"."report_id" = ?[0m  [["report_id", 1]]
  ↳ app/models/report.rb:5
  Rendered reports/show.html.erb within layouts/application (1.5ms)
Completed 200 OK in 21ms (Views: 17.6ms | ActiveRecord: 0.4ms)


Started POST "/reports" for ::1 at 2019-03-26 15:55:25 -0400
Processing by ReportsController#create as HTML
  Parameters: {"utf8"=>"✓", "authenticity_token"=>"EERr2EjS386oxYfD0VmtprGZhf7YONfCRAXMak1B98NsrzbqlqwmQoXxZa6yiJPAERLC41/332fAg2wsOEXtKg==", "csv_batch_file"=>#<ActionDispatch::Http::UploadedFile:0x00007f84fceae290 @tempfile=#<Tempfile:/var/folders/n9/90fmkll92052q805_jwxtztr0000gn/T/RackMultipart20190326-12865-1o3yifw.csv>, @original_filename="salesdata.csv", @content_type="text/csv", @headers="Content-Disposition: form-data; name=\"csv_batch_file\"; filename=\"salesdata.csv\"\r\nContent-Type: text/csv\r\n">, "button"=>""}
  [1m[35m (0.2ms)[0m  [1m[36mbegin transaction[0m
  ↳ app/controllers/reports_controller.rb:16
  [1m[36mReport Create (0.4ms)[0m  [1m[32mINSERT INTO "reports" ("created_at", "updated_at") VALUES (?, ?)[0m  [["created_at", "2019-03-26 19:55:25.547494"], ["updated_at", "2019-03-26 19:55:25.547494"]]
  ↳ app/controllers/reports_controller.rb:16
  [1m[35m (1.0ms)[0m  [1m[36mcommit transaction[0m
  ↳ app/controllers/reports_controller.rb:16
  [1m[35m (0.0ms)[0m  [1m[36mbegin transaction[0m
  ↳ app/controllers/reports_controller.rb:20
  [1m[35m (0.1ms)[0m  [1m[31mrollback transaction[0m
  ↳ app/controllers/reports_controller.rb:20
  [1m[35m (0.0ms)[0m  [1m[36mbegin transaction[0m
  ↳ app/controllers/reports_controller.rb:20
  [1m[36mItem Create (1.0ms)[0m  [1m[32mINSERT INTO "items" ("description", "price", "customer_name", "merchant_name", "merchant_address", "created_at", "updated_at", "report_id") VALUES (?, ?, ?, ?, ?, ?, ?, ?)[0m  [["description", "Premium Cowboy Boots"], ["price", 149.99], ["customer_name", "Jack Burton"], ["merchant_name", "Carpenter Outfitters"], ["merchant_address", "99 Factory Drive"], ["created_at", "2019-03-26 19:55:25.566932"], ["updated_at", "2019-03-26 19:55:25.566932"], ["report_id", 2]]
  ↳ app/controllers/reports_controller.rb:20
  [1m[35m (1.5ms)[0m  [1m[36mcommit transaction[0m
  ↳ app/controllers/reports_controller.rb:20
  [1m[35m (0.0ms)[0m  [1m[36mbegin transaction[0m
  ↳ app/controllers/reports_controller.rb:20
  [1m[35m (0.0ms)[0m  [1m[31mrollback transaction[0m
  ↳ app/controllers/reports_controller.rb:20
  [1m[35m (0.0ms)[0m  [1m[36mbegin transaction[0m
  ↳ app/controllers/reports_controller.rb:20
  [1m[36mItem Create (0.3ms)[0m  [1m[32mINSERT INTO "items" ("description", "price", "customer_name", "merchant_name", "merchant_address", "created_at", "updated_at", "report_id") VALUES (?, ?, ?, ?, ?, ?, ?, ?)[0m  [["description", "Tank Top Undershirt"], ["price", 9.5], ["customer_name", "Ellen Ripley"], ["merchant_name", "Hero Outlet"], ["merchant_address", "123 Main Street"], ["created_at", "2019-03-26 19:55:25.572889"], ["updated_at", "2019-03-26 19:55:25.572889"], ["report_id", 2]]
  ↳ app/controllers/reports_controller.rb:20
  [1m[35m (1.1ms)[0m  [1m[36mcommit transaction[0m
  ↳ app/controllers/reports_controller.rb:20
  [1m[35m (0.0ms)[0m  [1m[36mbegin transaction[0m
  ↳ app/controllers/reports_controller.rb:20
  [1m[35m (0.0ms)[0m  [1m[31mrollback transaction[0m
  ↳ app/controllers/reports_controller.rb:20
  [1m[35m (0.0ms)[0m  [1m[36mbegin transaction[0m
  ↳ app/controllers/reports_controller.rb:20
  [1m[36mItem Create (0.3ms)[0m  [1m[32mINSERT INTO "items" ("description", "price", "customer_name", "merchant_name", "merchant_address", "created_at", "updated_at", "report_id") VALUES (?, ?, ?, ?, ?, ?, ?, ?)[0m  [["description", "Tank Top Undershirt"], ["price", 9.5], ["customer_name", "Ellen Ripley"], ["merchant_name", "Hero Outlet"], ["merchant_address", "123 Main Street"], ["created_at", "2019-03-26 19:55:25.577411"], ["updated_at", "2019-03-26 19:55:25.577411"], ["report_id", 2]]
  ↳ app/controllers/reports_controller.rb:20
  [1m[35m (0.7ms)[0m  [1m[36mcommit transaction[0m
  ↳ app/controllers/reports_controller.rb:20
  [1m[35m (0.1ms)[0m  [1m[36mbegin transaction[0m
  ↳ app/controllers/reports_controller.rb:20
  [1m[35m (0.0ms)[0m  [1m[31mrollback transaction[0m
  ↳ app/controllers/reports_controller.rb:20
  [1m[35m (0.0ms)[0m  [1m[36mbegin transaction[0m
  ↳ app/controllers/reports_controller.rb:20
  [1m[36mItem Create (0.4ms)[0m  [1m[32mINSERT INTO "items" ("description", "price", "customer_name", "merchant_name", "merchant_address", "created_at", "updated_at", "report_id") VALUES (?, ?, ?, ?, ?, ?, ?, ?)[0m  [["description", "Black Hoodie"], ["price", 49.99], ["customer_name", "Lisbeth Salander"], ["merchant_name", "Stockholm Supplies"], ["merchant_address", "34 Other Avenue"], ["created_at", "2019-03-26 19:55:25.581121"], ["updated_at", "2019-03-26 19:55:25.581121"], ["report_id", 2]]
  ↳ app/controllers/reports_controller.rb:20
  [1m[35m (0.7ms)[0m  [1m[36mcommit transaction[0m
  ↳ app/controllers/reports_controller.rb:20
  [1m[35m (0.0ms)[0m  [1m[36mbegin transaction[0m
  ↳ app/controllers/reports_controller.rb:20
  [1m[35m (0.1ms)[0m  [1m[31mrollback transaction[0m
  ↳ app/controllers/reports_controller.rb:20
  [1m[35m (0.1ms)[0m  [1m[36mbegin transaction[0m
  ↳ app/controllers/reports_controller.rb:20
  [1m[36mItem Create (0.3ms)[0m  [1m[32mINSERT INTO "items" ("description", "price", "customer_name", "merchant_name", "merchant_address", "created_at", "updated_at", "report_id") VALUES (?, ?, ?, ?, ?, ?, ?, ?)[0m  [["description", "Black Hoodie"], ["price", 49.99], ["customer_name", "Lisbeth Salander"], ["merchant_name", "Stockholm Supplies"], ["merchant_address", "34 Other Avenue"], ["created_at", "2019-03-26 19:55:25.586020"], ["updated_at", "2019-03-26 19:55:25.586020"], ["report_id", 2]]
  ↳ app/controllers/reports_controller.rb:20
  [1m[35m (1.2ms)[0m  [1m[36mcommit transaction[0m
  ↳ app/controllers/reports_controller.rb:20
  [1m[35m (0.1ms)[0m  [1m[36mbegin transaction[0m
  ↳ app/controllers/reports_controller.rb:20
  [1m[35m (0.0ms)[0m  [1m[31mrollback transaction[0m
  ↳ app/controllers/reports_controller.rb:20
  [1m[35m (0.0ms)[0m  [1m[36mbegin transaction[0m
  ↳ app/controllers/reports_controller.rb:20
  [1m[36mItem Create (0.3ms)[0m  [1m[32mINSERT INTO "items" ("description", "price", "customer_name", "merchant_name", "merchant_address", "created_at", "updated_at", "report_id") VALUES (?, ?, ?, ?, ?, ?, ?, ?)[0m  [["description", "Black Hoodie"], ["price", 49.99], ["customer_name", "Lisbeth Salander"], ["merchant_name", "Stockholm Supplies"], ["merchant_address", "34 Other Avenue"], ["created_at", "2019-03-26 19:55:25.590682"], ["updated_at", "2019-03-26 19:55:25.590682"], ["report_id", 2]]
  ↳ app/controllers/reports_controller.rb:20
  [1m[35m (0.8ms)[0m  [1m[36mcommit transaction[0m
  ↳ app/controllers/reports_controller.rb:20
  [1m[35m (0.0ms)[0m  [1m[36mbegin transaction[0m
  ↳ app/controllers/reports_controller.rb:20
  [1m[35m (0.0ms)[0m  [1m[31mrollback transaction[0m
  ↳ app/controllers/reports_controller.rb:20
  [1m[35m (0.0ms)[0m  [1m[36mbegin transaction[0m
  ↳ app/controllers/reports_controller.rb:20
  [1m[36mItem Create (0.4ms)[0m  [1m[32mINSERT INTO "items" ("description", "price", "customer_name", "merchant_name", "merchant_address", "created_at", "updated_at", "report_id") VALUES (?, ?, ?, ?, ?, ?, ?, ?)[0m  [["description", "Black Hoodie"], ["price", 49.99], ["customer_name", "Lisbeth Salander"], ["merchant_name", "Stockholm Supplies"], ["merchant_address", "34 Other Avenue"], ["created_at", "2019-03-26 19:55:25.594801"], ["updated_at", "2019-03-26 19:55:25.594801"], ["report_id", 2]]
  ↳ app/controllers/reports_controller.rb:20
  [1m[35m (1.7ms)[0m  [1m[36mcommit transaction[0m
  ↳ app/controllers/reports_controller.rb:20
  [1m[35m (0.1ms)[0m  [1m[36mbegin transaction[0m
  ↳ app/controllers/reports_controller.rb:20
  [1m[35m (0.0ms)[0m  [1m[31mrollback transaction[0m
  ↳ app/controllers/reports_controller.rb:20
  [1m[35m (0.0ms)[0m  [1m[36mbegin transaction[0m
  ↳ app/controllers/reports_controller.rb:20
  [1m[36mItem Create (0.3ms)[0m  [1m[32mINSERT INTO "items" ("description", "price", "customer_name", "merchant_name", "merchant_address", "created_at", "updated_at", "report_id") VALUES (?, ?, ?, ?, ?, ?, ?, ?)[0m  [["description", "Tank Top Undershirt"], ["price", 9.5], ["customer_name", "Butch Coolidge"], ["merchant_name", "Hero Outlet"], ["merchant_address", "123 Main Street"], ["created_at", "2019-03-26 19:55:25.600716"], ["updated_at", "2019-03-26 19:55:25.600716"], ["report_id", 2]]
  ↳ app/controllers/reports_controller.rb:20
  [1m[35m (1.4ms)[0m  [1m[36mcommit transaction[0m
  ↳ app/controllers/reports_controller.rb:20
  [1m[35m (0.1ms)[0m  [1m[36mbegin transaction[0m
  ↳ app/controllers/reports_controller.rb:20
  [1m[35m (0.0ms)[0m  [1m[31mrollback transaction[0m
  ↳ app/controllers/reports_controller.rb:20
  [1m[35m (0.0ms)[0m  [1m[36mbegin transaction[0m
  ↳ app/controllers/reports_controller.rb:20
  [1m[36mItem Create (0.3ms)[0m  [1m[32mINSERT INTO "items" ("description", "price", "customer_name", "merchant_name", "merchant_address", "created_at", "updated_at", "report_id") VALUES (?, ?, ?, ?, ?, ?, ?, ?)[0m  [["description", "Tank Top Undershirt"], ["price", 9.5], ["customer_name", "Butch Coolidge"], ["merchant_name", "Hero Outlet"], ["merchant_address", "123 Main Street"], ["created_at", "2019-03-26 19:55:25.605646"], ["updated_at", "2019-03-26 19:55:25.605646"], ["report_id", 2]]
  ↳ app/controllers/reports_controller.rb:20
  [1m[35m (0.8ms)[0m  [1m[36mcommit transaction[0m
  ↳ app/controllers/reports_controller.rb:20
  [1m[35m (0.0ms)[0m  [1m[36mbegin transaction[0m
  ↳ app/controllers/reports_controller.rb:20
  [1m[35m (0.0ms)[0m  [1m[31mrollback transaction[0m
  ↳ app/controllers/reports_controller.rb:20
  [1m[35m (0.0ms)[0m  [1m[36mbegin transaction[0m
  ↳ app/controllers/reports_controller.rb:20
  [1m[36mItem Create (0.3ms)[0m  [1m[32mINSERT INTO "items" ("description", "price", "customer_name", "merchant_name", "merchant_address", "created_at", "updated_at", "report_id") VALUES (?, ?, ?, ?, ?, ?, ?, ?)[0m  [["description", "Tank Top Undershirt"], ["price", 9.5], ["customer_name", "Butch Coolidge"], ["merchant_name", "Hero Outlet"], ["merchant_address", "123 Main Street"], ["created_at", "2019-03-26 19:55:25.609953"], ["updated_at", "2019-03-26 19:55:25.609953"], ["report_id", 2]]
  ↳ app/controllers/reports_controller.rb:20
  [1m[35m (1.2ms)[0m  [1m[36mcommit transaction[0m
  ↳ app/controllers/reports_controller.rb:20
  [1m[35m (0.0ms)[0m  [1m[36mbegin transaction[0m
  ↳ app/controllers/reports_controller.rb:20
  [1m[35m (0.0ms)[0m  [1m[31mrollback transaction[0m
  ↳ app/controllers/reports_controller.rb:20
  [1m[35m (0.0ms)[0m  [1m[36mbegin transaction[0m
  ↳ app/controllers/reports_controller.rb:20
  [1m[36mItem Create (0.3ms)[0m  [1m[32mINSERT INTO "items" ("description", "price", "customer_name", "merchant_name", "merchant_address", "created_at", "updated_at", "report_id") VALUES (?, ?, ?, ?, ?, ?, ?, ?)[0m  [["description", "Stomper Shoes"], ["price", 129.0], ["customer_name", "Ellen Ripley"], ["merchant_name", "Parker Footwear"], ["merchant_address", "77 Main Street"], ["created_at", "2019-03-26 19:55:25.623167"], ["updated_at", "2019-03-26 19:55:25.623167"], ["report_id", 2]]
  ↳ app/controllers/reports_controller.rb:20
  [1m[35m (1.2ms)[0m  [1m[36mcommit transaction[0m
  ↳ app/controllers/reports_controller.rb:20
Redirected to http://localhost:3000/reports
Completed 302 Found in 81ms (ActiveRecord: 20.1ms)


Started GET "/reports" for ::1 at 2019-03-26 15:55:25 -0400
Processing by ReportsController#index as HTML
  Rendering reports/index.html.erb within layouts/application
  [1m[36mReport Load (0.2ms)[0m  [1m[34mSELECT "reports".* FROM "reports"[0m
  ↳ app/views/reports/index.html.erb:1
  Rendered reports/index.html.erb within layouts/application (1.4ms)
Completed 200 OK in 15ms (Views: 12.8ms | ActiveRecord: 0.2ms)


Started GET "/reports/2" for ::1 at 2019-03-26 15:55:27 -0400
Processing by ReportsController#show as HTML
  Parameters: {"id"=>"2"}
  [1m[36mReport Load (0.2ms)[0m  [1m[34mSELECT  "reports".* FROM "reports" WHERE "reports"."id" = ? LIMIT ?[0m  [["id", 2], ["LIMIT", 1]]
  ↳ app/controllers/reports_controller.rb:9
  Rendering reports/show.html.erb within layouts/application
  [1m[35m (0.2ms)[0m  [1m[34mSELECT SUM("items"."price") FROM "items" WHERE "items"."report_id" = ?[0m  [["report_id", 2]]
  ↳ app/models/report.rb:5
  Rendered reports/show.html.erb within layouts/application (2.0ms)
Completed 200 OK in 24ms (Views: 19.9ms | ActiveRecord: 0.3ms)


Started GET "/" for ::1 at 2019-03-27 09:04:43 -0400
  [1m[35m (0.4ms)[0m  [1m[34mSELECT "schema_migrations"."version" FROM "schema_migrations" ORDER BY "schema_migrations"."version" ASC[0m
  ↳ /Users/robertgu/.rbenv/versions/2.5.1/lib/ruby/gems/2.5.0/gems/activerecord-5.2.2.1/lib/active_record/log_subscriber.rb:98
Processing by ReportsController#new as HTML
  Rendering reports/new.html.erb within layouts/application
  Rendered reports/new.html.erb within layouts/application (2.5ms)
Completed 200 OK in 239ms (Views: 230.2ms | ActiveRecord: 0.0ms)


Started GET "/reports" for ::1 at 2019-03-27 09:04:56 -0400
Processing by ReportsController#index as HTML
  Rendering reports/index.html.erb within layouts/application
  Rendered reports/index.html.erb within layouts/application (12.6ms)
Completed 500 Internal Server Error in 24ms (ActiveRecord: 0.0ms)


  
ActionView::Template::Error (undefined method `each' for nil:NilClass):
     9:     </tr>
    10:   </thead>
    11:   <tbody>
    12:     <%- @clearance_batches.each do |clearance_batch| -%>
    13:       <tr>
    14:         <%= link_to "Sales Report #{report.id}", report_path(report.id) %>
    15:         <td><%= report.created_at %></td>
  
app/views/reports/index.html.erb:12:in `_app_views_reports_index_html_erb___2544153098053726319_70170442769680'
Started GET "/reports" for ::1 at 2019-03-27 09:05:07 -0400
Processing by ReportsController#index as HTML
  Rendering reports/index.html.erb within layouts/application
  [1m[36mReport Load (0.6ms)[0m  [1m[34mSELECT "reports".* FROM "reports"[0m
  ↳ app/views/reports/index.html.erb:12
  Rendered reports/index.html.erb within layouts/application (204.4ms)
Completed 500 Internal Server Error in 211ms (ActiveRecord: 1.0ms)


  
ActionView::Template::Error (undefined local variable or method `report' for #<#<Class:0x00007fa3a5812ea0>:0x00007fa3a355a020>
Did you mean?  @reports):
    11:   <tbody>
    12:     <%- @reports.each do |clearance_batch| -%>
    13:       <tr>
    14:         <%= link_to "Sales Report #{report.id}", report_path(report.id) %>
    15:         <td><%= report.created_at %></td>
    16:         <td><%= report.items.count %></td>
    17:       </tr>
  
app/views/reports/index.html.erb:14:in `block in _app_views_reports_index_html_erb___2544153098053726319_70170398350000'
app/views/reports/index.html.erb:12:in `_app_views_reports_index_html_erb___2544153098053726319_70170398350000'
Started GET "/reports" for ::1 at 2019-03-27 09:05:15 -0400
Processing by ReportsController#index as HTML
  Rendering reports/index.html.erb within layouts/application
  [1m[36mReport Load (0.1ms)[0m  [1m[34mSELECT "reports".* FROM "reports"[0m
  ↳ app/views/reports/index.html.erb:12
  [1m[35m (0.7ms)[0m  [1m[34mSELECT COUNT(*) FROM "items" WHERE "items"."report_id" = ?[0m  [["report_id", 1]]
  ↳ app/views/reports/index.html.erb:16
  [1m[35m (0.1ms)[0m  [1m[34mSELECT COUNT(*) FROM "items" WHERE "items"."report_id" = ?[0m  [["report_id", 2]]
  ↳ app/views/reports/index.html.erb:16
  Rendered reports/index.html.erb within layouts/application (21.2ms)
Completed 200 OK in 41ms (Views: 37.1ms | ActiveRecord: 1.4ms)


Started GET "/reports" for ::1 at 2019-03-27 09:05:37 -0400
  [1m[35m (0.5ms)[0m  [1m[34mSELECT "schema_migrations"."version" FROM "schema_migrations" ORDER BY "schema_migrations"."version" ASC[0m
  ↳ /Users/robertgu/.rbenv/versions/2.5.1/lib/ruby/gems/2.5.0/gems/activerecord-5.2.2.1/lib/active_record/log_subscriber.rb:98
Processing by ReportsController#index as HTML
  Rendering reports/index.html.erb within layouts/application
  [1m[36mReport Load (0.3ms)[0m  [1m[34mSELECT "reports".* FROM "reports"[0m
  ↳ app/views/reports/index.html.erb:12
  [1m[35m (0.4ms)[0m  [1m[34mSELECT COUNT(*) FROM "items" WHERE "items"."report_id" = ?[0m  [["report_id", 1]]
  ↳ app/views/reports/index.html.erb:16
  [1m[35m (0.3ms)[0m  [1m[34mSELECT COUNT(*) FROM "items" WHERE "items"."report_id" = ?[0m  [["report_id", 2]]
  ↳ app/views/reports/index.html.erb:16
  Rendered reports/index.html.erb within layouts/application (15.3ms)
Completed 200 OK in 229ms (Views: 214.6ms | ActiveRecord: 1.6ms)


Started GET "/reports" for ::1 at 2019-03-27 09:06:56 -0400
  [1m[35m (0.5ms)[0m  [1m[34mSELECT "schema_migrations"."version" FROM "schema_migrations" ORDER BY "schema_migrations"."version" ASC[0m
  ↳ /Users/robertgu/.rbenv/versions/2.5.1/lib/ruby/gems/2.5.0/gems/activerecord-5.2.2.1/lib/active_record/log_subscriber.rb:98
Processing by ReportsController#index as HTML
  Rendering reports/index.html.erb within layouts/application
  [1m[36mReport Load (0.2ms)[0m  [1m[34mSELECT "reports".* FROM "reports"[0m
  ↳ app/views/reports/index.html.erb:12
  [1m[35m (0.1ms)[0m  [1m[34mSELECT COUNT(*) FROM "items" WHERE "items"."report_id" = ?[0m  [["report_id", 1]]
  ↳ app/views/reports/index.html.erb:16
  [1m[35m (0.1ms)[0m  [1m[34mSELECT COUNT(*) FROM "items" WHERE "items"."report_id" = ?[0m  [["report_id", 2]]
  ↳ app/views/reports/index.html.erb:16
  Rendered reports/index.html.erb within layouts/application (13.2ms)
Completed 200 OK in 2699ms (Views: 2686.2ms | ActiveRecord: 1.1ms)


Started GET "/reports" for ::1 at 2019-03-27 09:07:26 -0400
Processing by ReportsController#index as HTML
  Rendering reports/index.html.erb within layouts/application
  [1m[36mReport Load (0.2ms)[0m  [1m[34mSELECT "reports".* FROM "reports"[0m
  ↳ app/views/reports/index.html.erb:12
  [1m[35m (0.1ms)[0m  [1m[34mSELECT COUNT(*) FROM "items" WHERE "items"."report_id" = ?[0m  [["report_id", 1]]
  ↳ app/views/reports/index.html.erb:16
  [1m[35m (0.1ms)[0m  [1m[34mSELECT COUNT(*) FROM "items" WHERE "items"."report_id" = ?[0m  [["report_id", 2]]
  ↳ app/views/reports/index.html.erb:16
  Rendered reports/index.html.erb within layouts/application (3.2ms)
Completed 200 OK in 24ms (Views: 21.0ms | ActiveRecord: 0.4ms)


Started GET "/reports/2" for ::1 at 2019-03-27 09:07:35 -0400
Processing by ReportsController#show as HTML
  Parameters: {"id"=>"2"}
  [1m[36mReport Load (0.2ms)[0m  [1m[34mSELECT  "reports".* FROM "reports" WHERE "reports"."id" = ? LIMIT ?[0m  [["id", 2], ["LIMIT", 1]]
  ↳ app/controllers/reports_controller.rb:9
  Rendering reports/show.html.erb within layouts/application
  [1m[35m (1.1ms)[0m  [1m[34mSELECT SUM("items"."price") FROM "items" WHERE "items"."report_id" = ?[0m  [["report_id", 2]]
  ↳ app/models/report.rb:5
  Rendered reports/show.html.erb within layouts/application (11.8ms)
Completed 200 OK in 37ms (Views: 31.0ms | ActiveRecord: 1.3ms)


Started GET "/reports/1" for ::1 at 2019-03-27 09:07:37 -0400
Processing by ReportsController#show as HTML
  Parameters: {"id"=>"1"}
  [1m[36mReport Load (0.2ms)[0m  [1m[34mSELECT  "reports".* FROM "reports" WHERE "reports"."id" = ? LIMIT ?[0m  [["id", 1], ["LIMIT", 1]]
  ↳ app/controllers/reports_controller.rb:9
  Rendering reports/show.html.erb within layouts/application
  [1m[35m (0.1ms)[0m  [1m[34mSELECT SUM("items"."price") FROM "items" WHERE "items"."report_id" = ?[0m  [["report_id", 1]]
  ↳ app/models/report.rb:5
  Rendered reports/show.html.erb within layouts/application (1.3ms)
Completed 200 OK in 40ms (Views: 36.4ms | ActiveRecord: 0.3ms)


Started GET "/" for ::1 at 2019-03-27 09:08:11 -0400
Processing by ReportsController#new as HTML
  Rendering reports/new.html.erb within layouts/application
  Rendered reports/new.html.erb within layouts/application (1.1ms)
Completed 200 OK in 35ms (Views: 30.3ms | ActiveRecord: 0.0ms)


Started GET "/" for ::1 at 2019-03-27 09:08:30 -0400
Processing by ReportsController#new as HTML
  Rendering reports/new.html.erb within layouts/application
  Rendered reports/new.html.erb within layouts/application (0.7ms)
Completed 200 OK in 26ms (Views: 23.0ms | ActiveRecord: 0.0ms)


Started GET "/" for ::1 at 2019-03-27 09:08:39 -0400
Processing by ReportsController#new as HTML
  Rendering reports/new.html.erb within layouts/application
  Rendered reports/new.html.erb within layouts/application (0.9ms)
Completed 200 OK in 23ms (Views: 20.4ms | ActiveRecord: 0.0ms)


Started GET "/" for ::1 at 2019-03-27 09:08:56 -0400
Processing by ReportsController#new as HTML
  Rendering reports/new.html.erb within layouts/application
  Rendered reports/new.html.erb within layouts/application (0.7ms)
Completed 200 OK in 24ms (Views: 22.1ms | ActiveRecord: 0.0ms)


Started GET "/" for ::1 at 2019-03-27 09:09:29 -0400
Processing by ReportsController#new as HTML
  Rendering reports/new.html.erb within layouts/application
  Rendered reports/new.html.erb within layouts/application (0.9ms)
Completed 200 OK in 39ms (Views: 36.6ms | ActiveRecord: 0.0ms)


Started GET "/" for ::1 at 2019-03-27 09:09:38 -0400
Processing by ReportsController#new as HTML
  Rendering reports/new.html.erb within layouts/application
  Rendered reports/new.html.erb within layouts/application (0.6ms)
Completed 200 OK in 41ms (Views: 37.4ms | ActiveRecord: 0.0ms)


Started GET "/" for ::1 at 2019-03-27 09:20:10 -0400
  [1m[35m (0.5ms)[0m  [1m[34mSELECT "schema_migrations"."version" FROM "schema_migrations" ORDER BY "schema_migrations"."version" ASC[0m
  ↳ /Users/robertgu/.rbenv/versions/2.5.1/lib/ruby/gems/2.5.0/gems/activerecord-5.2.2.1/lib/active_record/log_subscriber.rb:98
Processing by ReportsController#new as HTML
  Rendering reports/new.html.erb within layouts/application
  Rendered reports/new.html.erb within layouts/application (1.0ms)
Completed 200 OK in 261ms (Views: 253.4ms | ActiveRecord: 0.0ms)


Started POST "/reports" for ::1 at 2019-03-27 09:20:17 -0400
Processing by ReportsController#create as HTML
  Parameters: {"utf8"=>"✓", "authenticity_token"=>"vSHKogI4T4SRcc3u3NzVLk3due7cubPspkK9oXvoCm/BypeQ3Ea2CLxFL4O/DetI7Vb+81t2u0kixB3nDuwQhg==", "csv_batch_file"=>#<ActionDispatch::Http::UploadedFile:0x00007f9acad83490 @tempfile=#<Tempfile:/var/folders/n9/90fmkll92052q805_jwxtztr0000gn/T/RackMultipart20190327-14446-j6623q.csv>, @original_filename="salesdata.csv", @content_type="text/csv", @headers="Content-Disposition: form-data; name=\"csv_batch_file\"; filename=\"salesdata.csv\"\r\nContent-Type: text/csv\r\n">, "button"=>""}
  [1m[35m (0.0ms)[0m  [1m[36mbegin transaction[0m
  ↳ app/controllers/reports_controller.rb:16
  [1m[36mReport Create (0.6ms)[0m  [1m[32mINSERT INTO "reports" ("created_at", "updated_at") VALUES (?, ?)[0m  [["created_at", "2019-03-27 13:20:17.735367"], ["updated_at", "2019-03-27 13:20:17.735367"]]
  ↳ app/controllers/reports_controller.rb:16
  [1m[35m (2.6ms)[0m  [1m[36mcommit transaction[0m
  ↳ app/controllers/reports_controller.rb:16
  [1m[35m (0.1ms)[0m  [1m[36mbegin transaction[0m
  ↳ app/controllers/reports_controller.rb:20
  [1m[35m (0.0ms)[0m  [1m[31mrollback transaction[0m
  ↳ app/controllers/reports_controller.rb:20
  [1m[35m (0.0ms)[0m  [1m[36mbegin transaction[0m
  ↳ app/controllers/reports_controller.rb:20
  [1m[36mItem Create (0.6ms)[0m  [1m[32mINSERT INTO "items" ("description", "price", "customer_name", "merchant_name", "merchant_address", "created_at", "updated_at", "report_id") VALUES (?, ?, ?, ?, ?, ?, ?, ?)[0m  [["description", "Premium Cowboy Boots"], ["price", 149.99], ["customer_name", "Jack Burton"], ["merchant_name", "Carpenter Outfitters"], ["merchant_address", "99 Factory Drive"], ["created_at", "2019-03-27 13:20:17.761057"], ["updated_at", "2019-03-27 13:20:17.761057"], ["report_id", 3]]
  ↳ app/controllers/reports_controller.rb:20
  [1m[35m (0.8ms)[0m  [1m[36mcommit transaction[0m
  ↳ app/controllers/reports_controller.rb:20
  [1m[35m (0.0ms)[0m  [1m[36mbegin transaction[0m
  ↳ app/controllers/reports_controller.rb:20
  [1m[35m (0.1ms)[0m  [1m[31mrollback transaction[0m
  ↳ app/controllers/reports_controller.rb:20
  [1m[35m (0.2ms)[0m  [1m[36mbegin transaction[0m
  ↳ app/controllers/reports_controller.rb:20
  [1m[36mItem Create (0.5ms)[0m  [1m[32mINSERT INTO "items" ("description", "price", "customer_name", "merchant_name", "merchant_address", "created_at", "updated_at", "report_id") VALUES (?, ?, ?, ?, ?, ?, ?, ?)[0m  [["description", "Tank Top Undershirt"], ["price", 9.5], ["customer_name", "Ellen Ripley"], ["merchant_name", "Hero Outlet"], ["merchant_address", "123 Main Street"], ["created_at", "2019-03-27 13:20:17.776265"], ["updated_at", "2019-03-27 13:20:17.776265"], ["report_id", 3]]
  ↳ app/controllers/reports_controller.rb:20
  [1m[35m (0.8ms)[0m  [1m[36mcommit transaction[0m
  ↳ app/controllers/reports_controller.rb:20
  [1m[35m (0.0ms)[0m  [1m[36mbegin transaction[0m
  ↳ app/controllers/reports_controller.rb:20
  [1m[35m (0.0ms)[0m  [1m[31mrollback transaction[0m
  ↳ app/controllers/reports_controller.rb:20
  [1m[35m (0.1ms)[0m  [1m[36mbegin transaction[0m
  ↳ app/controllers/reports_controller.rb:20
  [1m[36mItem Create (1.1ms)[0m  [1m[32mINSERT INTO "items" ("description", "price", "customer_name", "merchant_name", "merchant_address", "created_at", "updated_at", "report_id") VALUES (?, ?, ?, ?, ?, ?, ?, ?)[0m  [["description", "Tank Top Undershirt"], ["price", 9.5], ["customer_name", "Ellen Ripley"], ["merchant_name", "Hero Outlet"], ["merchant_address", "123 Main Street"], ["created_at", "2019-03-27 13:20:17.781238"], ["updated_at", "2019-03-27 13:20:17.781238"], ["report_id", 3]]
  ↳ app/controllers/reports_controller.rb:20
  [1m[35m (2.1ms)[0m  [1m[36mcommit transaction[0m
  ↳ app/controllers/reports_controller.rb:20
  [1m[35m (0.1ms)[0m  [1m[36mbegin transaction[0m
  ↳ app/controllers/reports_controller.rb:20
  [1m[35m (0.0ms)[0m  [1m[31mrollback transaction[0m
  ↳ app/controllers/reports_controller.rb:20
  [1m[35m (0.0ms)[0m  [1m[36mbegin transaction[0m
  ↳ app/controllers/reports_controller.rb:20
  [1m[36mItem Create (0.4ms)[0m  [1m[32mINSERT INTO "items" ("description", "price", "customer_name", "merchant_name", "merchant_address", "created_at", "updated_at", "report_id") VALUES (?, ?, ?, ?, ?, ?, ?, ?)[0m  [["description", "Black Hoodie"], ["price", 49.99], ["customer_name", "Lisbeth Salander"], ["merchant_name", "Stockholm Supplies"], ["merchant_address", "34 Other Avenue"], ["created_at", "2019-03-27 13:20:17.789853"], ["updated_at", "2019-03-27 13:20:17.789853"], ["report_id", 3]]
  ↳ app/controllers/reports_controller.rb:20
  [1m[35m (1.2ms)[0m  [1m[36mcommit transaction[0m
  ↳ app/controllers/reports_controller.rb:20
  [1m[35m (0.0ms)[0m  [1m[36mbegin transaction[0m
  ↳ app/controllers/reports_controller.rb:20
  [1m[35m (0.0ms)[0m  [1m[31mrollback transaction[0m
  ↳ app/controllers/reports_controller.rb:20
  [1m[35m (0.1ms)[0m  [1m[36mbegin transaction[0m
  ↳ app/controllers/reports_controller.rb:20
  [1m[36mItem Create (0.6ms)[0m  [1m[32mINSERT INTO "items" ("description", "price", "customer_name", "merchant_name", "merchant_address", "created_at", "updated_at", "report_id") VALUES (?, ?, ?, ?, ?, ?, ?, ?)[0m  [["description", "Black Hoodie"], ["price", 49.99], ["customer_name", "Lisbeth Salander"], ["merchant_name", "Stockholm Supplies"], ["merchant_address", "34 Other Avenue"], ["created_at", "2019-03-27 13:20:17.816192"], ["updated_at", "2019-03-27 13:20:17.816192"], ["report_id", 3]]
  ↳ app/controllers/reports_controller.rb:20
  [1m[35m (0.7ms)[0m  [1m[36mcommit transaction[0m
  ↳ app/controllers/reports_controller.rb:20
  [1m[35m (0.0ms)[0m  [1m[36mbegin transaction[0m
  ↳ app/controllers/reports_controller.rb:20
  [1m[35m (0.0ms)[0m  [1m[31mrollback transaction[0m
  ↳ app/controllers/reports_controller.rb:20
  [1m[35m (0.0ms)[0m  [1m[36mbegin transaction[0m
  ↳ app/controllers/reports_controller.rb:20
  [1m[36mItem Create (0.3ms)[0m  [1m[32mINSERT INTO "items" ("description", "price", "customer_name", "merchant_name", "merchant_address", "created_at", "updated_at", "report_id") VALUES (?, ?, ?, ?, ?, ?, ?, ?)[0m  [["description", "Black Hoodie"], ["price", 49.99], ["customer_name", "Lisbeth Salander"], ["merchant_name", "Stockholm Supplies"], ["merchant_address", "34 Other Avenue"], ["created_at", "2019-03-27 13:20:17.820136"], ["updated_at", "2019-03-27 13:20:17.820136"], ["report_id", 3]]
  ↳ app/controllers/reports_controller.rb:20
  [1m[35m (1.9ms)[0m  [1m[36mcommit transaction[0m
  ↳ app/controllers/reports_controller.rb:20
  [1m[35m (0.0ms)[0m  [1m[36mbegin transaction[0m
  ↳ app/controllers/reports_controller.rb:20
  [1m[35m (0.0ms)[0m  [1m[31mrollback transaction[0m
  ↳ app/controllers/reports_controller.rb:20
  [1m[35m (0.0ms)[0m  [1m[36mbegin transaction[0m
  ↳ app/controllers/reports_controller.rb:20
  [1m[36mItem Create (0.4ms)[0m  [1m[32mINSERT INTO "items" ("description", "price", "customer_name", "merchant_name", "merchant_address", "created_at", "updated_at", "report_id") VALUES (?, ?, ?, ?, ?, ?, ?, ?)[0m  [["description", "Black Hoodie"], ["price", 49.99], ["customer_name", "Lisbeth Salander"], ["merchant_name", "Stockholm Supplies"], ["merchant_address", "34 Other Avenue"], ["created_at", "2019-03-27 13:20:17.846784"], ["updated_at", "2019-03-27 13:20:17.846784"], ["report_id", 3]]
  ↳ app/controllers/reports_controller.rb:20
  [1m[35m (1.0ms)[0m  [1m[36mcommit transaction[0m
  ↳ app/controllers/reports_controller.rb:20
  [1m[35m (0.0ms)[0m  [1m[36mbegin transaction[0m
  ↳ app/controllers/reports_controller.rb:20
  [1m[35m (0.0ms)[0m  [1m[31mrollback transaction[0m
  ↳ app/controllers/reports_controller.rb:20
  [1m[35m (0.0ms)[0m  [1m[36mbegin transaction[0m
  ↳ app/controllers/reports_controller.rb:20
  [1m[36mItem Create (0.3ms)[0m  [1m[32mINSERT INTO "items" ("description", "price", "customer_name", "merchant_name", "merchant_address", "created_at", "updated_at", "report_id") VALUES (?, ?, ?, ?, ?, ?, ?, ?)[0m  [["description", "Tank Top Undershirt"], ["price", 9.5], ["customer_name", "Butch Coolidge"], ["merchant_name", "Hero Outlet"], ["merchant_address", "123 Main Street"], ["created_at", "2019-03-27 13:20:17.854943"], ["updated_at", "2019-03-27 13:20:17.854943"], ["report_id", 3]]
  ↳ app/controllers/reports_controller.rb:20
  [1m[35m (1.1ms)[0m  [1m[36mcommit transaction[0m
  ↳ app/controllers/reports_controller.rb:20
  [1m[35m (0.0ms)[0m  [1m[36mbegin transaction[0m
  ↳ app/controllers/reports_controller.rb:20
  [1m[35m (0.0ms)[0m  [1m[31mrollback transaction[0m
  ↳ app/controllers/reports_controller.rb:20
  [1m[35m (0.0ms)[0m  [1m[36mbegin transaction[0m
  ↳ app/controllers/reports_controller.rb:20
  [1m[36mItem Create (0.3ms)[0m  [1m[32mINSERT INTO "items" ("description", "price", "customer_name", "merchant_name", "merchant_address", "created_at", "updated_at", "report_id") VALUES (?, ?, ?, ?, ?, ?, ?, ?)[0m  [["description", "Tank Top Undershirt"], ["price", 9.5], ["customer_name", "Butch Coolidge"], ["merchant_name", "Hero Outlet"], ["merchant_address", "123 Main Street"], ["created_at", "2019-03-27 13:20:17.859023"], ["updated_at", "2019-03-27 13:20:17.859023"], ["report_id", 3]]
  ↳ app/controllers/reports_controller.rb:20
  [1m[35m (0.7ms)[0m  [1m[36mcommit transaction[0m
  ↳ app/controllers/reports_controller.rb:20
  [1m[35m (0.0ms)[0m  [1m[36mbegin transaction[0m
  ↳ app/controllers/reports_controller.rb:20
  [1m[35m (0.0ms)[0m  [1m[31mrollback transaction[0m
  ↳ app/controllers/reports_controller.rb:20
  [1m[35m (0.0ms)[0m  [1m[36mbegin transaction[0m
  ↳ app/controllers/reports_controller.rb:20
  [1m[36mItem Create (0.3ms)[0m  [1m[32mINSERT INTO "items" ("description", "price", "customer_name", "merchant_name", "merchant_address", "created_at", "updated_at", "report_id") VALUES (?, ?, ?, ?, ?, ?, ?, ?)[0m  [["description", "Tank Top Undershirt"], ["price", 9.5], ["customer_name", "Butch Coolidge"], ["merchant_name", "Hero Outlet"], ["merchant_address", "123 Main Street"], ["created_at", "2019-03-27 13:20:17.862536"], ["updated_at", "2019-03-27 13:20:17.862536"], ["report_id", 3]]
  ↳ app/controllers/reports_controller.rb:20
  [1m[35m (1.2ms)[0m  [1m[36mcommit transaction[0m
  ↳ app/controllers/reports_controller.rb:20
  [1m[35m (0.0ms)[0m  [1m[36mbegin transaction[0m
  ↳ app/controllers/reports_controller.rb:20
  [1m[35m (0.0ms)[0m  [1m[31mrollback transaction[0m
  ↳ app/controllers/reports_controller.rb:20
  [1m[35m (0.0ms)[0m  [1m[36mbegin transaction[0m
  ↳ app/controllers/reports_controller.rb:20
  [1m[36mItem Create (0.5ms)[0m  [1m[32mINSERT INTO "items" ("description", "price", "customer_name", "merchant_name", "merchant_address", "created_at", "updated_at", "report_id") VALUES (?, ?, ?, ?, ?, ?, ?, ?)[0m  [["description", "Stomper Shoes"], ["price", 129.0], ["customer_name", "Ellen Ripley"], ["merchant_name", "Parker Footwear"], ["merchant_address", "77 Main Street"], ["created_at", "2019-03-27 13:20:17.867100"], ["updated_at", "2019-03-27 13:20:17.867100"], ["report_id", 3]]
  ↳ app/controllers/reports_controller.rb:20
  [1m[35m (1.2ms)[0m  [1m[36mcommit transaction[0m
  ↳ app/controllers/reports_controller.rb:20
Redirected to http://localhost:3000/reports
Completed 302 Found in 145ms (ActiveRecord: 24.0ms)


Started GET "/reports" for ::1 at 2019-03-27 09:20:17 -0400
Processing by ReportsController#index as HTML
  Rendering reports/index.html.erb within layouts/application
  [1m[36mReport Load (0.2ms)[0m  [1m[34mSELECT "reports".* FROM "reports"[0m
  ↳ app/views/reports/index.html.erb:12
  [1m[35m (0.1ms)[0m  [1m[34mSELECT COUNT(*) FROM "items" WHERE "items"."report_id" = ?[0m  [["report_id", 1]]
  ↳ app/views/reports/index.html.erb:16
  [1m[35m (0.1ms)[0m  [1m[34mSELECT COUNT(*) FROM "items" WHERE "items"."report_id" = ?[0m  [["report_id", 2]]
  ↳ app/views/reports/index.html.erb:16
  [1m[35m (0.1ms)[0m  [1m[34mSELECT COUNT(*) FROM "items" WHERE "items"."report_id" = ?[0m  [["report_id", 3]]
  ↳ app/views/reports/index.html.erb:16
  Rendered reports/index.html.erb within layouts/application (4.1ms)
Completed 200 OK in 23ms (Views: 21.1ms | ActiveRecord: 0.5ms)


Started GET "/reports/3" for ::1 at 2019-03-27 09:20:19 -0400
Processing by ReportsController#show as HTML
  Parameters: {"id"=>"3"}
  [1m[36mReport Load (0.2ms)[0m  [1m[34mSELECT  "reports".* FROM "reports" WHERE "reports"."id" = ? LIMIT ?[0m  [["id", 3], ["LIMIT", 1]]
  ↳ app/controllers/reports_controller.rb:9
  Rendering reports/show.html.erb within layouts/application
  [1m[35m (0.2ms)[0m  [1m[34mSELECT SUM("items"."price") FROM "items" WHERE "items"."report_id" = ?[0m  [["report_id", 3]]
  ↳ app/models/report.rb:5
  [1m[35m (0.2ms)[0m  [1m[34mSELECT COUNT(*) FROM "items" WHERE "items"."report_id" = ?[0m  [["report_id", 3]]
  ↳ app/views/reports/show.html.erb:12
  Rendered reports/show.html.erb within layouts/application (3.3ms)
Completed 200 OK in 32ms (Views: 26.1ms | ActiveRecord: 0.7ms)


Started GET "/reports/3" for ::1 at 2019-03-27 09:20:31 -0400
Processing by ReportsController#show as HTML
  Parameters: {"id"=>"3"}
  [1m[36mReport Load (0.2ms)[0m  [1m[34mSELECT  "reports".* FROM "reports" WHERE "reports"."id" = ? LIMIT ?[0m  [["id", 3], ["LIMIT", 1]]
  ↳ app/controllers/reports_controller.rb:9
  Rendering reports/show.html.erb within layouts/application
  [1m[35m (0.2ms)[0m  [1m[34mSELECT SUM("items"."price") FROM "items" WHERE "items"."report_id" = ?[0m  [["report_id", 3]]
  ↳ app/models/report.rb:5
  [1m[35m (0.2ms)[0m  [1m[34mSELECT COUNT(*) FROM "items" WHERE "items"."report_id" = ?[0m  [["report_id", 3]]
  ↳ app/views/reports/show.html.erb:12
  Rendered reports/show.html.erb within layouts/application (3.0ms)
Completed 200 OK in 30ms (Views: 26.4ms | ActiveRecord: 0.6ms)


Started GET "/reports/1" for ::1 at 2019-03-27 09:20:34 -0400
Processing by ReportsController#show as HTML
  Parameters: {"id"=>"1"}
  [1m[36mReport Load (0.3ms)[0m  [1m[34mSELECT  "reports".* FROM "reports" WHERE "reports"."id" = ? LIMIT ?[0m  [["id", 1], ["LIMIT", 1]]
  ↳ app/controllers/reports_controller.rb:9
  Rendering reports/show.html.erb within layouts/application
  [1m[35m (0.6ms)[0m  [1m[34mSELECT SUM("items"."price") FROM "items" WHERE "items"."report_id" = ?[0m  [["report_id", 1]]
  ↳ app/models/report.rb:5
  [1m[35m (0.2ms)[0m  [1m[34mSELECT COUNT(*) FROM "items" WHERE "items"."report_id" = ?[0m  [["report_id", 1]]
  ↳ app/views/reports/show.html.erb:12
  Rendered reports/show.html.erb within layouts/application (4.1ms)
Completed 200 OK in 26ms (Views: 22.4ms | ActiveRecord: 1.1ms)


Started GET "/reports" for ::1 at 2019-03-27 09:20:37 -0400
Processing by ReportsController#index as HTML
  Rendering reports/index.html.erb within layouts/application
  [1m[36mReport Load (0.3ms)[0m  [1m[34mSELECT "reports".* FROM "reports"[0m
  ↳ app/views/reports/index.html.erb:12
  [1m[35m (0.2ms)[0m  [1m[34mSELECT COUNT(*) FROM "items" WHERE "items"."report_id" = ?[0m  [["report_id", 1]]
  ↳ app/views/reports/index.html.erb:16
  [1m[35m (0.4ms)[0m  [1m[34mSELECT COUNT(*) FROM "items" WHERE "items"."report_id" = ?[0m  [["report_id", 2]]
  ↳ app/views/reports/index.html.erb:16
  [1m[35m (0.2ms)[0m  [1m[34mSELECT COUNT(*) FROM "items" WHERE "items"."report_id" = ?[0m  [["report_id", 3]]
  ↳ app/views/reports/index.html.erb:16
  Rendered reports/index.html.erb within layouts/application (6.0ms)
Completed 200 OK in 33ms (Views: 30.1ms | ActiveRecord: 1.0ms)


Started GET "/reports/1" for ::1 at 2019-03-27 09:20:41 -0400
Processing by ReportsController#show as HTML
  Parameters: {"id"=>"1"}
  [1m[36mReport Load (0.2ms)[0m  [1m[34mSELECT  "reports".* FROM "reports" WHERE "reports"."id" = ? LIMIT ?[0m  [["id", 1], ["LIMIT", 1]]
  ↳ app/controllers/reports_controller.rb:9
  Rendering reports/show.html.erb within layouts/application
  [1m[35m (0.2ms)[0m  [1m[34mSELECT SUM("items"."price") FROM "items" WHERE "items"."report_id" = ?[0m  [["report_id", 1]]
  ↳ app/models/report.rb:5
  [1m[35m (0.3ms)[0m  [1m[34mSELECT COUNT(*) FROM "items" WHERE "items"."report_id" = ?[0m  [["report_id", 1]]
  ↳ app/views/reports/show.html.erb:12
  Rendered reports/show.html.erb within layouts/application (2.9ms)
Completed 200 OK in 27ms (Views: 22.4ms | ActiveRecord: 0.6ms)


Started GET "/reports/1" for ::1 at 2019-03-27 09:21:02 -0400
Processing by ReportsController#show as HTML
  Parameters: {"id"=>"1"}
  [1m[36mReport Load (0.2ms)[0m  [1m[34mSELECT  "reports".* FROM "reports" WHERE "reports"."id" = ? LIMIT ?[0m  [["id", 1], ["LIMIT", 1]]
  ↳ app/controllers/reports_controller.rb:9
  Rendering reports/show.html.erb within layouts/application
  [1m[35m (0.2ms)[0m  [1m[34mSELECT SUM("items"."price") FROM "items" WHERE "items"."report_id" = ?[0m  [["report_id", 1]]
  ↳ app/models/report.rb:5
  [1m[35m (0.2ms)[0m  [1m[34mSELECT COUNT(*) FROM "items" WHERE "items"."report_id" = ?[0m  [["report_id", 1]]
  ↳ app/views/reports/show.html.erb:12
  Rendered reports/show.html.erb within layouts/application (2.7ms)
Completed 200 OK in 23ms (Views: 19.7ms | ActiveRecord: 0.6ms)


Started GET "/" for ::1 at 2019-03-27 09:21:35 -0400
Processing by ReportsController#new as HTML
  Rendering reports/new.html.erb within layouts/application
  Rendered reports/new.html.erb within layouts/application (0.7ms)
Completed 200 OK in 49ms (Views: 45.0ms | ActiveRecord: 0.0ms)


Started GET "/reports/3" for ::1 at 2019-03-27 09:21:42 -0400
Processing by ReportsController#show as HTML
  Parameters: {"id"=>"3"}
  [1m[36mReport Load (0.2ms)[0m  [1m[34mSELECT  "reports".* FROM "reports" WHERE "reports"."id" = ? LIMIT ?[0m  [["id", 3], ["LIMIT", 1]]
  ↳ app/controllers/reports_controller.rb:9
  Rendering reports/show.html.erb within layouts/application
  [1m[35m (0.3ms)[0m  [1m[34mSELECT SUM("items"."price") FROM "items" WHERE "items"."report_id" = ?[0m  [["report_id", 3]]
  ↳ app/models/report.rb:5
  [1m[35m (0.4ms)[0m  [1m[34mSELECT COUNT(*) FROM "items" WHERE "items"."report_id" = ?[0m  [["report_id", 3]]
  ↳ app/views/reports/show.html.erb:12
  Rendered reports/show.html.erb within layouts/application (32.7ms)
Completed 200 OK in 72ms (Views: 65.9ms | ActiveRecord: 0.9ms)


Started GET "/" for ::1 at 2019-03-27 09:23:32 -0400
Processing by ReportsController#new as HTML
  Rendering reports/new.html.erb within layouts/application
  Rendered reports/new.html.erb within layouts/application (1.0ms)
Completed 200 OK in 33ms (Views: 29.8ms | ActiveRecord: 0.0ms)


Started GET "/reports" for ::1 at 2019-03-27 09:23:37 -0400
Processing by ReportsController#index as HTML
  Rendering reports/index.html.erb within layouts/application
  [1m[36mReport Load (0.2ms)[0m  [1m[34mSELECT "reports".* FROM "reports"[0m
  ↳ app/views/reports/index.html.erb:12
  [1m[35m (0.2ms)[0m  [1m[34mSELECT COUNT(*) FROM "items" WHERE "items"."report_id" = ?[0m  [["report_id", 1]]
  ↳ app/views/reports/index.html.erb:16
  [1m[35m (0.2ms)[0m  [1m[34mSELECT COUNT(*) FROM "items" WHERE "items"."report_id" = ?[0m  [["report_id", 2]]
  ↳ app/views/reports/index.html.erb:16
  [1m[35m (0.4ms)[0m  [1m[34mSELECT COUNT(*) FROM "items" WHERE "items"."report_id" = ?[0m  [["report_id", 3]]
  ↳ app/views/reports/index.html.erb:16
  Rendered reports/index.html.erb within layouts/application (6.4ms)
Completed 200 OK in 33ms (Views: 26.7ms | ActiveRecord: 0.9ms)


Started GET "/reports/1" for ::1 at 2019-03-27 09:23:38 -0400
Processing by ReportsController#show as HTML
  Parameters: {"id"=>"1"}
  [1m[36mReport Load (0.2ms)[0m  [1m[34mSELECT  "reports".* FROM "reports" WHERE "reports"."id" = ? LIMIT ?[0m  [["id", 1], ["LIMIT", 1]]
  ↳ app/controllers/reports_controller.rb:9
  Rendering reports/show.html.erb within layouts/application
  [1m[35m (0.3ms)[0m  [1m[34mSELECT SUM("items"."price") FROM "items" WHERE "items"."report_id" = ?[0m  [["report_id", 1]]
  ↳ app/models/report.rb:5
  [1m[35m (0.3ms)[0m  [1m[34mSELECT COUNT(*) FROM "items" WHERE "items"."report_id" = ?[0m  [["report_id", 1]]
  ↳ app/views/reports/show.html.erb:12
  Rendered reports/show.html.erb within layouts/application (3.3ms)
Completed 200 OK in 38ms (Views: 34.0ms | ActiveRecord: 0.8ms)


Started GET "/" for ::1 at 2019-03-27 09:23:41 -0400
Processing by ReportsController#new as HTML
  Rendering reports/new.html.erb within layouts/application
  Rendered reports/new.html.erb within layouts/application (1.2ms)
Completed 200 OK in 34ms (Views: 31.1ms | ActiveRecord: 0.0ms)


  [1m[35m (0.1ms)[0m  [1m[34mSELECT "schema_migrations"."version" FROM "schema_migrations" ORDER BY "schema_migrations"."version" ASC[0m
  ↳ /Users/robertgu/.rbenv/versions/2.5.1/bin/rake:23
  [1m[35m (0.1ms)[0m  [1m[34mSELECT "ar_internal_metadata"."value" FROM "ar_internal_metadata" WHERE "ar_internal_metadata"."key" = ?[0m  [["key", "environment"]]
  ↳ /Users/robertgu/.rbenv/versions/2.5.1/bin/rake:23
  [1m[35m (0.0ms)[0m  [1m[34mSELECT "schema_migrations"."version" FROM "schema_migrations" ORDER BY "schema_migrations"."version" ASC[0m
  ↳ /Users/robertgu/.rbenv/versions/2.5.1/bin/rake:23
  [1m[35m (0.1ms)[0m  [1m[34mSELECT "ar_internal_metadata"."value" FROM "ar_internal_metadata" WHERE "ar_internal_metadata"."key" = ?[0m  [["key", "environment"]]
  ↳ /Users/robertgu/.rbenv/versions/2.5.1/bin/rake:23
  [1m[35m (0.1ms)[0m  [1m[34mSELECT "schema_migrations"."version" FROM "schema_migrations" ORDER BY "schema_migrations"."version" ASC[0m
  ↳ /Users/robertgu/.rbenv/versions/2.5.1/bin/rake:23
  [1m[35m (0.1ms)[0m  [1m[34mSELECT "ar_internal_metadata"."value" FROM "ar_internal_metadata" WHERE "ar_internal_metadata"."key" = ?[0m  [["key", "environment"]]
  ↳ /Users/robertgu/.rbenv/versions/2.5.1/bin/rake:23
  [1m[35m (1.9ms)[0m  [1m[35mDROP TABLE IF EXISTS "items"[0m
  ↳ db/schema.rb:15
  [1m[35m (0.1ms)[0m  [1m[34mSELECT sqlite_version(*)[0m
  ↳ db/schema.rb:15
  [1m[35m (1.1ms)[0m  [1m[35mCREATE TABLE "items" ("id" integer PRIMARY KEY AUTOINCREMENT NOT NULL, "name" varchar, "description" varchar, "price" decimal, "customer_name" varchar, "merchant_name" varchar, "merchant_address" varchar, "status" varchar DEFAULT 'unsold', "created_at" datetime NOT NULL, "updated_at" datetime NOT NULL, "report_id" integer)[0m
  ↳ db/schema.rb:15
  [1m[35m (1.4ms)[0m  [1m[35mCREATE  INDEX "index_items_on_report_id" ON "items" ("report_id")[0m
  ↳ db/schema.rb:15
  [1m[35m (1.4ms)[0m  [1m[35mDROP TABLE IF EXISTS "reports"[0m
  ↳ db/schema.rb:29
  [1m[35m (1.6ms)[0m  [1m[35mCREATE TABLE "reports" ("id" integer PRIMARY KEY AUTOINCREMENT NOT NULL, "created_at" datetime NOT NULL, "updated_at" datetime NOT NULL)[0m
  ↳ db/schema.rb:29
  [1m[35m (0.1ms)[0m  [1m[34mSELECT "schema_migrations"."version" FROM "schema_migrations" ORDER BY "schema_migrations"."version" ASC[0m
  ↳ db/schema.rb:13
  [1m[36mActiveRecord::InternalMetadata Load (0.2ms)[0m  [1m[34mSELECT  "ar_internal_metadata".* FROM "ar_internal_metadata" WHERE "ar_internal_metadata"."key" = ? LIMIT ?[0m  [["key", "environment"], ["LIMIT", 1]]
  ↳ db/schema.rb:13
  [1m[35m (0.0ms)[0m  [1m[36mbegin transaction[0m
  ↳ db/schema.rb:13
  [1m[35m (0.1ms)[0m  [1m[36mcommit transaction[0m
  ↳ db/schema.rb:13
  [1m[36mActiveRecord::InternalMetadata Load (0.1ms)[0m  [1m[34mSELECT  "ar_internal_metadata".* FROM "ar_internal_metadata" WHERE "ar_internal_metadata"."key" = ? LIMIT ?[0m  [["key", "environment"], ["LIMIT", 1]]
  ↳ /Users/robertgu/.rbenv/versions/2.5.1/bin/rake:23
  [1m[35m (0.1ms)[0m  [1m[36mbegin transaction[0m
  ↳ /Users/robertgu/.rbenv/versions/2.5.1/bin/rake:23
  [1m[35m (0.0ms)[0m  [1m[36mcommit transaction[0m
  ↳ /Users/robertgu/.rbenv/versions/2.5.1/bin/rake:23
  [1m[35m (2.2ms)[0m  [1m[35mDROP TABLE IF EXISTS "items"[0m
  ↳ db/schema.rb:15
  [1m[35m (0.2ms)[0m  [1m[34mSELECT sqlite_version(*)[0m
  ↳ db/schema.rb:15
  [1m[35m (2.1ms)[0m  [1m[35mCREATE TABLE "items" ("id" integer PRIMARY KEY AUTOINCREMENT NOT NULL, "name" varchar, "description" varchar, "price" decimal, "customer_name" varchar, "merchant_name" varchar, "merchant_address" varchar, "status" varchar DEFAULT 'unsold', "created_at" datetime NOT NULL, "updated_at" datetime NOT NULL, "report_id" integer)[0m
  ↳ db/schema.rb:15
  [1m[35m (1.6ms)[0m  [1m[35mCREATE  INDEX "index_items_on_report_id" ON "items" ("report_id")[0m
  ↳ db/schema.rb:15
  [1m[35m (1.6ms)[0m  [1m[35mDROP TABLE IF EXISTS "reports"[0m
  ↳ db/schema.rb:29
  [1m[35m (0.8ms)[0m  [1m[35mCREATE TABLE "reports" ("id" integer PRIMARY KEY AUTOINCREMENT NOT NULL, "created_at" datetime NOT NULL, "updated_at" datetime NOT NULL)[0m
  ↳ db/schema.rb:29
  [1m[35m (0.1ms)[0m  [1m[34mSELECT "schema_migrations"."version" FROM "schema_migrations" ORDER BY "schema_migrations"."version" ASC[0m
  ↳ db/schema.rb:13
  [1m[36mActiveRecord::InternalMetadata Load (0.1ms)[0m  [1m[34mSELECT  "ar_internal_metadata".* FROM "ar_internal_metadata" WHERE "ar_internal_metadata"."key" = ? LIMIT ?[0m  [["key", "environment"], ["LIMIT", 1]]
  ↳ db/schema.rb:13
  [1m[35m (0.0ms)[0m  [1m[36mbegin transaction[0m
  ↳ db/schema.rb:13
  [1m[36mActiveRecord::InternalMetadata Update (0.2ms)[0m  [1m[33mUPDATE "ar_internal_metadata" SET "value" = ?, "updated_at" = ? WHERE "ar_internal_metadata"."key" = ?[0m  [["value", "development"], ["updated_at", "2019-03-27 14:01:00.784163"], ["key", "environment"]]
  ↳ db/schema.rb:13
  [1m[35m (1.2ms)[0m  [1m[36mcommit transaction[0m
  ↳ db/schema.rb:13
  [1m[36mActiveRecord::InternalMetadata Load (0.1ms)[0m  [1m[34mSELECT  "ar_internal_metadata".* FROM "ar_internal_metadata" WHERE "ar_internal_metadata"."key" = ? LIMIT ?[0m  [["key", "environment"], ["LIMIT", 1]]
  ↳ /Users/robertgu/.rbenv/versions/2.5.1/bin/rake:23
  [1m[35m (0.2ms)[0m  [1m[36mbegin transaction[0m
  ↳ /Users/robertgu/.rbenv/versions/2.5.1/bin/rake:23
  [1m[36mActiveRecord::InternalMetadata Update (0.3ms)[0m  [1m[33mUPDATE "ar_internal_metadata" SET "value" = ?, "updated_at" = ? WHERE "ar_internal_metadata"."key" = ?[0m  [["value", "test"], ["updated_at", "2019-03-27 14:01:00.788498"], ["key", "environment"]]
  ↳ /Users/robertgu/.rbenv/versions/2.5.1/bin/rake:23
  [1m[35m (1.2ms)[0m  [1m[36mcommit transaction[0m
  ↳ /Users/robertgu/.rbenv/versions/2.5.1/bin/rake:23
  [1m[35m (0.1ms)[0m  [1m[34mSELECT "schema_migrations"."version" FROM "schema_migrations" ORDER BY "schema_migrations"."version" ASC[0m
  ↳ /Users/robertgu/.rbenv/versions/2.5.1/bin/rake:23
  [1m[35m (0.1ms)[0m  [1m[34mSELECT "schema_migrations"."version" FROM "schema_migrations" ORDER BY "schema_migrations"."version" ASC[0m
  ↳ /Users/robertgu/.rbenv/versions/2.5.1/bin/rake:23
  [1m[36mActiveRecord::InternalMetadata Load (0.2ms)[0m  [1m[34mSELECT  "ar_internal_metadata".* FROM "ar_internal_metadata" WHERE "ar_internal_metadata"."key" = ? LIMIT ?[0m  [["key", "environment"], ["LIMIT", 1]]
  ↳ /Users/robertgu/.rbenv/versions/2.5.1/bin/rake:23
  [1m[35m (0.0ms)[0m  [1m[36mbegin transaction[0m
  ↳ /Users/robertgu/.rbenv/versions/2.5.1/bin/rake:23
  [1m[35m (0.0ms)[0m  [1m[36mcommit transaction[0m
  ↳ /Users/robertgu/.rbenv/versions/2.5.1/bin/rake:23
  [1m[35m (0.1ms)[0m  [1m[34mSELECT "schema_migrations"."version" FROM "schema_migrations" ORDER BY "schema_migrations"."version" ASC[0m
  ↳ /Users/robertgu/.rbenv/versions/2.5.1/bin/rake:23
